0 info it worked if it ends with ok
1 verbose cli [ 'node', '/usr/local/bin/npm', 'install', '-g', 'bower' ]
2 info using npm@1.4.14
3 info using node@v0.10.29
4 verbose cache add [ 'bower', null ]
5 verbose cache add name=undefined spec="bower" args=["bower",null]
6 verbose parsed url { protocol: null,
6 verbose parsed url   slashes: null,
6 verbose parsed url   auth: null,
6 verbose parsed url   host: null,
6 verbose parsed url   port: null,
6 verbose parsed url   hostname: null,
6 verbose parsed url   hash: null,
6 verbose parsed url   search: null,
6 verbose parsed url   query: null,
6 verbose parsed url   pathname: 'bower',
6 verbose parsed url   path: 'bower',
6 verbose parsed url   href: 'bower' }
7 silly lockFile 206e3ce5-bower bower
8 verbose lock bower /Users/bienfantaisie/.npm/206e3ce5-bower.lock
9 silly lockFile 206e3ce5-bower bower
10 error Error: Attempt to unlock bower, which hasn't been locked
10 error     at unlock (/usr/local/lib/node_modules/npm/lib/utils/locker.js:44:11)
10 error     at cb (/usr/local/lib/node_modules/npm/lib/cache/add-local.js:30:5)
10 error     at /usr/local/lib/node_modules/npm/lib/cache/add-local.js:47:20
10 error     at /usr/local/lib/node_modules/npm/lib/utils/locker.js:30:7
10 error     at /usr/local/lib/node_modules/npm/node_modules/lockfile/lockfile.js:167:38
10 error     at OpenReq.Req.done (/usr/local/lib/node_modules/npm/node_modules/graceful-fs/graceful-fs.js:144:5)
10 error     at OpenReq.done (/usr/local/lib/node_modules/npm/node_modules/graceful-fs/graceful-fs.js:64:22)
10 error     at Object.oncomplete (fs.js:107:15)
11 error If you need help, you may report this *entire* log,
11 error including the npm and node versions, at:
11 error     <http://github.com/npm/npm/issues>
12 error System Darwin 13.3.0
13 error command "node" "/usr/local/bin/npm" "install" "-g" "bower"
14 error cwd /Users/bienfantaisie/Dropbox/Project/git-elsar/sportsnews
15 error node -v v0.10.29
16 error npm -v 1.4.14
17 verbose exit [ 1, true ]
